<?xml version="1.0" encoding="UTF-8"?>
<!-- Generated by org.testng.reporters.JUnitXMLReporter -->
<testsuite ignored="0" hostname="sampritis-MacBook-Pro.local" failures="0" tests="2" name="Surefire test" time="1103.884" errors="0" timestamp="2024-02-08T09:02:32 IST">
  <testcase classname="io.cucumber.testng.AbstractTestNGCucumberTests" name="runScenario" time="1102.495"/>
  <testcase classname="io.cucumber.testng.AbstractTestNGCucumberTests" name="runScenario" time="1103.293"/>
</testsuite> <!-- Surefire test -->
