-------------------------------------------------------------------------------
Test set: cucumberOptions.JunitTestRunnerTest
-------------------------------------------------------------------------------
Tests run: 4, Failures: 1, Errors: 0, Skipped: 0, Time elapsed: 21.93 s <<< FAILURE! -- in cucumberOptions.JunitTestRunnerTest
Search and Place the order for Products.Search Experience for product search in both home and Offers page #2 -- Time elapsed: 6.061 s <<< FAILURE!
org.junit.ComparisonFailure: expected:<[No data]> but was:<[Beetroot]>
	at stepDefinitions.OfferPageStepDefinition.validate_product_name_in_Offers_page(OfferPageStepDefinition.java:59)
	at âœ½.validate product name in offers page matches with Landing Page(file:///Users/sampritishome/Documents/TestProject.Junit/src/test/java/features/searchProduct.feature:8)

